<?xml version="1.0" encoding="UTF-8"?>
<testng-results ignored="0" total="1" passed="1" failed="0" skipped="0">
  <reporter-output>
  </reporter-output>
  <suite started-at="2024-12-30T10:59:51 GMT+06:00" name="Suite" finished-at="2024-12-30T11:00:04 GMT+06:00" duration-ms="12673">
    <groups>
    </groups>
    <test started-at="2024-12-30T10:59:51 GMT+06:00" name="Test" finished-at="2024-12-30T11:00:04 GMT+06:00" duration-ms="12673">
      <class name="amit.ExcelWork">
        <test-method is-config="true" signature="setUp()[pri:0, instance:amit.ExcelWork@68999068]" started-at="2024-12-30T10:59:51 GMT+06:00" name="setUp" finished-at="2024-12-30T10:59:53 GMT+06:00" duration-ms="1838" status="PASS">
          <reporter-output>
          </reporter-output>
        </test-method> <!-- setUp -->
        <test-method signature="Test1()[pri:0, instance:amit.ExcelWork@68999068]" started-at="2024-12-30T10:59:53 GMT+06:00" name="Test1" finished-at="2024-12-30T11:00:04 GMT+06:00" duration-ms="10673" status="PASS">
          <reporter-output>
          </reporter-output>
        </test-method> <!-- Test1 -->
        <test-method is-config="true" signature="tearDown()[pri:0, instance:amit.ExcelWork@68999068]" started-at="2024-12-30T11:00:04 GMT+06:00" name="tearDown" finished-at="2024-12-30T11:00:04 GMT+06:00" duration-ms="147" status="PASS">
          <reporter-output>
          </reporter-output>
        </test-method> <!-- tearDown -->
      </class> <!-- amit.ExcelWork -->
    </test> <!-- Test -->
  </suite> <!-- Suite -->
</testng-results>
