<?xml version="1.0" encoding="UTF-8"?>
<testng-results ignored="0" total="1" passed="1" failed="0" skipped="0">
  <reporter-output>
  </reporter-output>
  <suite started-at="2024-12-29T22:59:51 GMT+06:00" name="Suite" finished-at="2024-12-29T23:00:01 GMT+06:00" duration-ms="9839">
    <groups>
    </groups>
    <test started-at="2024-12-29T22:59:51 GMT+06:00" name="Test" finished-at="2024-12-29T23:00:01 GMT+06:00" duration-ms="9839">
      <class name="amit.ExcelWork">
        <test-method signature="Test1()[pri:0, instance:amit.ExcelWork@59d2400d]" started-at="2024-12-29T22:59:51 GMT+06:00" name="Test1" finished-at="2024-12-29T23:00:01 GMT+06:00" duration-ms="9824" status="PASS">
          <reporter-output>
          </reporter-output>
        </test-method> <!-- Test1 -->
      </class> <!-- amit.ExcelWork -->
    </test> <!-- Test -->
  </suite> <!-- Suite -->
</testng-results>
