<?xml version="1.0" encoding="UTF-8"?>
<testng-results ignored="0" total="1" passed="1" failed="0" skipped="0">
  <reporter-output>
  </reporter-output>
  <suite started-at="2024-12-29T13:22:37 GMT+06:00" name="Default suite" finished-at="2024-12-29T13:22:47 GMT+06:00" duration-ms="10408">
    <groups>
    </groups>
    <test started-at="2024-12-29T13:22:37 GMT+06:00" name="Default test" finished-at="2024-12-29T13:22:47 GMT+06:00" duration-ms="10408">
      <class name="ExcelWork">
        <test-method signature="Test1()[pri:0, instance:ExcelWork@18bc345]" started-at="2024-12-29T13:22:37 GMT+06:00" name="Test1" finished-at="2024-12-29T13:22:47 GMT+06:00" duration-ms="10391" status="PASS">
          <reporter-output>
          </reporter-output>
        </test-method> <!-- Test1 -->
      </class> <!-- ExcelWork -->
    </test> <!-- Default test -->
  </suite> <!-- Default suite -->
</testng-results>
